2021-05-14 13:02:06,903:INFO:Initializing load_model()
2021-05-14 13:02:06,903:INFO:load_model(model_name=model, platform=None, authentication=None, verbose=True)
2021-05-14 13:02:40,377:INFO:Initializing load_model()
2021-05-14 13:02:40,377:INFO:load_model(model_name=model, platform=None, authentication=None, verbose=True)
2021-05-14 13:02:43,667:INFO:Initializing load_model()
2021-05-14 13:02:43,668:INFO:load_model(model_name=model, platform=None, authentication=None, verbose=True)
2021-05-14 13:03:18,130:INFO:Initializing predict_model()
2021-05-14 13:03:18,130:INFO:predict_model(estimator=Pipeline(steps=[('dtypes',
                 DataTypes_Auto_infer(categorical_features=['job', 'marital',
                                                            'education',
                                                            'housing', 'loan',
                                                            'contact', 'month',
                                                            'day_of_week',
                                                            'poutcome'],
                                      ml_usecase='classification',
                                      numerical_features=['age', 'duration',
                                                          'campaign', 'pdays',
                                                          'previous',
                                                          'emp.var.rate',
                                                          'cons.price.idx',
                                                          'cons.conf.idx',
                                                          'euribor3m',
                                                          'nr.employed'],
                                      target='y')),
                ('imputer...
                ('cluster_all', 'passthrough'), ('dummy', Dummify(target='y')),
                ('fix_perfect', Remove_100(target='y')),
                ('clean_names', Clean_Colum_Names()),
                ('feature_select', 'passthrough'),
                ('fix_multi',
                 Fix_multicollinearity(correlation_with_target_preference=None,
                                       target_variable='y', threshold=0.95)),
                ('dfs', 'passthrough'), ('pca', 'passthrough'),
                ['trained_model', LGBMClassifier(random_state=234)]]), probability_threshold=None, encoded_labels=True, raw_score=False, round=0, verbose=True, ml_usecase=MLUsecase.REGRESSION, display=None)
2021-05-14 13:03:18,130:INFO:Checking exceptions
2021-05-14 13:03:18,130:INFO:Preloading libraries
2021-05-14 13:03:22,657:INFO:Initializing load_model()
2021-05-14 13:03:22,657:INFO:load_model(model_name=model, platform=None, authentication=None, verbose=True)
2021-05-14 13:04:14,434:INFO:Initializing predict_model()
2021-05-14 13:04:14,434:INFO:predict_model(estimator=Pipeline(steps=[('dtypes',
                 DataTypes_Auto_infer(categorical_features=['job', 'marital',
                                                            'education',
                                                            'housing', 'loan',
                                                            'contact', 'month',
                                                            'day_of_week',
                                                            'poutcome'],
                                      ml_usecase='classification',
                                      numerical_features=['age', 'duration',
                                                          'campaign', 'pdays',
                                                          'previous',
                                                          'emp.var.rate',
                                                          'cons.price.idx',
                                                          'cons.conf.idx',
                                                          'euribor3m',
                                                          'nr.employed'],
                                      target='y')),
                ('imputer...
                ('cluster_all', 'passthrough'), ('dummy', Dummify(target='y')),
                ('fix_perfect', Remove_100(target='y')),
                ('clean_names', Clean_Colum_Names()),
                ('feature_select', 'passthrough'),
                ('fix_multi',
                 Fix_multicollinearity(correlation_with_target_preference=None,
                                       target_variable='y', threshold=0.95)),
                ('dfs', 'passthrough'), ('pca', 'passthrough'),
                ['trained_model', LGBMClassifier(random_state=234)]]), probability_threshold=None, encoded_labels=True, raw_score=False, round=0, verbose=True, ml_usecase=MLUsecase.REGRESSION, display=None)
2021-05-14 13:04:14,434:INFO:Checking exceptions
2021-05-14 13:04:14,434:INFO:Preloading libraries
